2022-04-13 10:06:58  INFO [org.springframework.boot.StartupInfoLogger] - Starting DebuggerWebsocketApplication using Java 16.0.2 on DESKTOP-4HH6JA9 with PID 12124 (C:\Projects\debugger-websock\target\classes started by User in C:\Projects\debugger-websock)
2022-04-13 10:06:58  INFO [org.springframework.boot.SpringApplication] - No active profile set, falling back to default profiles: default
2022-04-13 10:06:58  INFO [org.springframework.boot.logging.DeferredLog] - Devtools property defaults active! Set 'spring.devtools.add-properties' to 'false' to disable
2022-04-13 10:06:58  INFO [org.springframework.boot.logging.DeferredLog] - For additional web related logging consider setting the 'logging.level.web' property to 'DEBUG'
2022-04-13 10:06:58  INFO [org.springframework.data.repository.config.RepositoryConfigurationDelegate] - Multiple Spring Data modules found, entering strict repository configuration mode!
2022-04-13 10:06:58  INFO [org.springframework.data.repository.config.RepositoryConfigurationDelegate] - Bootstrapping Spring Data Redis repositories in DEFAULT mode.
2022-04-13 10:06:58  INFO [org.springframework.data.repository.config.RepositoryConfigurationDelegate] - Finished Spring Data repository scanning in 3 ms. Found 0 Redis repository interfaces.
2022-04-13 10:06:58  INFO [org.springframework.data.repository.config.RepositoryConfigurationDelegate] - Multiple Spring Data modules found, entering strict repository configuration mode!
2022-04-13 10:06:58  INFO [org.springframework.data.repository.config.RepositoryConfigurationDelegate] - Bootstrapping Spring Data Redis repositories in DEFAULT mode.
2022-04-13 10:06:58  INFO [org.springframework.data.repository.config.RepositoryConfigurationDelegate] - Finished Spring Data repository scanning in 2 ms. Found 0 Redis repository interfaces.
2022-04-13 10:06:59  INFO [org.springframework.boot.web.embedded.tomcat.TomcatWebServer] - Tomcat initialized with port(s): 8070 (http)
2022-04-13 10:06:59  INFO [org.apache.juli.logging.DirectJDKLog] - Initializing ProtocolHandler ["http-nio-8070"]
2022-04-13 10:06:59  INFO [org.apache.juli.logging.DirectJDKLog] - Starting service [Tomcat]
2022-04-13 10:06:59  INFO [org.apache.juli.logging.DirectJDKLog] - Starting Servlet engine: [Apache Tomcat/9.0.56]
2022-04-13 10:06:59  INFO [org.apache.juli.logging.DirectJDKLog] - Initializing Spring embedded WebApplicationContext
2022-04-13 10:06:59  INFO [org.springframework.boot.web.servlet.context.ServletWebServerApplicationContext] - Root WebApplicationContext: initialization completed in 656 ms
2022-04-13 10:06:59  INFO [org.springframework.beans.factory.annotation.AutowiredAnnotationBeanPostProcessor] - Autowired annotation is not supported on static fields: private static org.springframework.data.redis.core.StringRedisTemplate com.synctree.debugger.controller.SynctreeDebuggerController.stringRedisTemplate
2022-04-13 10:06:59  WARN [org.springframework.boot.devtools.autoconfigure.OptionalLiveReloadServer] - Unable to start LiveReload server
2022-04-13 10:06:59  INFO [org.apache.juli.logging.DirectJDKLog] - Starting ProtocolHandler ["http-nio-8070"]
2022-04-13 10:06:59  INFO [org.springframework.boot.web.embedded.tomcat.TomcatWebServer] - Tomcat started on port(s): 8070 (http) with context path ''
2022-04-13 10:06:59  INFO [org.springframework.boot.StartupInfoLogger] - Started DebuggerWebsocketApplication in 1.41 seconds (JVM running for 2.018)
2022-04-13 10:06:59  INFO [com.synctree.debugger.util.logging.DebuggerLogger] - ================== DebuggerWebsocketApplication Started >>>>>>>>>>>>>>>>>>
